[2025-08-08 10:45:24,126] ✏️ Выплата 220 обновлена — статус: Выплачено
[2025-08-08 10:45:25,318] ✏️ Выплата 221 обновлена — статус: Выплачено
[2025-08-08 10:45:26,350] ✏️ Выплата 222 обновлена — статус: Выплачено
[2025-08-08 10:45:27,821] ✏️ Выплата 223 обновлена — статус: Выплачено
[2025-08-08 18:18:55,366] 🆕 Выплата 'Аванс' на 5000.0 ₽ для user_id 2045618984 — статус: Ожидает
[2025-08-08 18:19:00,972] Не удалось обновить запрос 224 пользователя 2045618984
[2025-08-08 18:19:07,292] ✏️ Выплата 224 обновлена — статус: Одобрено
[2025-08-08 21:30:24,808] ✏️ Выплата 224 обновлена — статус: Отклонено
[2025-08-09 17:52:05,316] ✏️ Выплата 225 обновлена — статус: Одобрено
[2025-08-10 11:05:39,266] ✏️ Выплата 226 обновлена — статус: Одобрено
[2025-08-10 12:26:29,609] ✏️ Выплата 227 обновлена — статус: Одобрено
[2025-08-10 13:17:16,839] ✏️ Выплата 228 обновлена — статус: Одобрено
[2025-08-10 13:21:09,967] ✏️ Выплата 227 обновлена — статус: Выплачено
[2025-08-10 13:23:41,318] ✏️ Выплата 225 обновлена — статус: Выплачено
[2025-08-10 13:23:52,524] ✏️ Выплата 226 обновлена — статус: Выплачено
[2025-08-10 13:28:29,565] ✏️ Выплата 229 обновлена — статус: Одобрено
[2025-08-10 13:34:55,749] ✏️ Выплата 230 обновлена — статус: Одобрено
[2025-08-10 13:39:27,372] 🆕 Выплата 'Зарплата' на 43074.0 ₽ для user_id 1037475044 — статус: Ожидает
[2025-08-10 13:39:31,163] Не удалось обновить запрос 231 пользователя 1037475044
[2025-08-10 13:40:44,660] 🆕 Выплата 'Зарплата' на 10000.0 ₽ для user_id 2045618984 — статус: Ожидает
[2025-08-10 13:41:43,526] Не удалось обновить запрос 232 пользователя 2045618984
[2025-08-10 13:57:05,233] ✏️ Выплата 23441 обновлена — статус: Выплачено
[2025-08-10 13:57:09,888] ✏️ Выплата 232 обновлена — статус: Одобрено
[2025-08-10 13:57:10,947] ✏️ Выплата 232 обновлена — статус: Выплачено
[2025-08-10 16:11:11,226] ✏️ Выплата 23442 обновлена — статус: Одобрено
[2025-08-10 17:54:27,719] ✏️ Выплата 23443 обновлена — статус: Отклонено
[2025-08-10 17:55:52,104] ✏️ Выплата 23444 обновлена — статус: Одобрено
[2025-08-10 17:56:22,346] ✏️ Выплата 23441 обновлена — статус: Одобрено
[2025-08-10 17:56:25,386] ✏️ Выплата 23441 обновлена — статус: Выплачено
[2025-08-10 17:56:27,186] ✏️ Выплата 225 обновлена — статус: Выплачено
[2025-08-10 17:56:28,169] ✏️ Выплата 226 обновлена — статус: Выплачено
[2025-08-10 17:56:29,506] ✏️ Выплата 227 обновлена — статус: Выплачено
[2025-08-10 17:56:30,634] ✏️ Выплата 228 обновлена — статус: Выплачено
[2025-08-10 17:56:31,522] ✏️ Выплата 229 обновлена — статус: Выплачено
[2025-08-10 17:56:33,002] ✏️ Выплата 230 обновлена — статус: Выплачено
[2025-08-10 17:56:35,338] ✏️ Выплата 231 обновлена — статус: Одобрено
[2025-08-10 17:56:36,674] ✏️ Выплата 231 обновлена — статус: Выплачено
[2025-08-10 17:56:38,666] ✏️ Выплата 232 обновлена — статус: Одобрено
[2025-08-10 17:56:39,681] ✏️ Выплата 232 обновлена — статус: Выплачено
[2025-08-10 17:56:40,346] ✏️ Выплата 23442 обновлена — статус: Выплачено
[2025-08-10 17:56:41,490] ✏️ Выплата 23444 обновлена — статус: Выплачено
[2025-08-10 17:57:18,180] 🗑 Удалена выплата 23443
